# JRE version: OpenJDK Runtime Environment (21.0.5) (build 21.0.5+-12932927-b750.29)
# Java VM: OpenJDK 64-Bit Server VM (21.0.5+-12932927-b750.29, mixed mode, tiered, compressed oops, compressed class ptrs, g1 gc, windows-amd64)
GC Precious Log:
 CardTable entry size: 512
 Card Set container configuration: InlinePtr #cards 5 size 8 Array Of Cards #cards 12 size 40 Howl #buckets 4 coarsen threshold 1843 Howl Bitmap #cards 512 size 80 coarsen threshold 460 Card regions per heap region 1 cards per card region 2048
 CPUs: 8 total, 8 available
 Memory: 12125M
 Large Page Support: Disabled
 NUMA Support: Disabled
 Compressed Oops: Enabled (32-bit)
 Heap Region Size: 1M
 Heap Min Capacity: 8M
 Heap Initial Capacity: 190M
 Heap Max Capacity: 2G
 Pre-touch: Disabled
 Parallel Workers: 8
 Concurrent Workers: 2
 Concurrent Refinement Workers: 8
 Periodic GC: Disabled
Heap:
 garbage-first heap   total 455680K, used 299008K [0x0000000080000000, 0x0000000100000000)
  region size 1024K, 48 young (49152K), 20 survivors (20480K)
 Metaspace       used 267107K, committed 270400K, reserved 1310720K
  class space    used 33683K, committed 35328K, reserved 1048576K
GC Heap History (20 events):
Event: 1265.036 GC heap before
{Heap before GC invocations=92 (full 0):
 garbage-first heap   total 428032K, used 426730K [0x0000000080000000, 0x0000000100000000)
  region size 1024K, 164 young (167936K), 17 survivors (17408K)
 Metaspace       used 185603K, committed 188416K, reserved 1245184K
  class space    used 23966K, committed 25344K, reserved 1048576K
}
Event: 1265.053 GC heap after
{Heap after GC invocations=93 (full 0):
 garbage-first heap   total 445440K, used 213821K [0x0000000080000000, 0x0000000100000000)
  region size 1024K, 14 young (14336K), 14 survivors (14336K)
 Metaspace       used 185603K, committed 188416K, reserved 1245184K
  class space    used 23966K, committed 25344K, reserved 1048576K
}
Event: 1270.546 GC heap before
{Heap before GC invocations=93 (full 0):
 garbage-first heap   total 445440K, used 421693K [0x0000000080000000, 0x0000000100000000)
  region size 1024K, 203 young (207872K), 14 survivors (14336K)
 Metaspace       used 205456K, committed 208384K, reserved 1245184K
  class space    used 26815K, committed 28224K, reserved 1048576K
}
Event: 1270.581 GC heap after
{Heap after GC invocations=94 (full 0):
 garbage-first heap   total 455680K, used 222822K [0x0000000080000000, 0x0000000100000000)
  region size 1024K, 26 young (26624K), 26 survivors (26624K)
 Metaspace       used 205456K, committed 208384K, reserved 1245184K
  class space    used 26815K, committed 28224K, reserved 1048576K
}
Event: 1271.172 GC heap before
{Heap before GC invocations=94 (full 0):
 garbage-first heap   total 455680K, used 255590K [0x0000000080000000, 0x0000000100000000)
  region size 1024K, 59 young (60416K), 26 survivors (26624K)
 Metaspace       used 209824K, committed 212672K, reserved 1245184K
  class space    used 27320K, committed 28736K, reserved 1048576K
}
Event: 1271.189 GC heap after
{Heap after GC invocations=95 (full 0):
 garbage-first heap   total 455680K, used 228602K [0x0000000080000000, 0x0000000100000000)
  region size 1024K, 4 young (4096K), 4 survivors (4096K)
 Metaspace       used 209824K, committed 212672K, reserved 1245184K
  class space    used 27320K, committed 28736K, reserved 1048576K
}
Event: 1274.662 GC heap before
{Heap before GC invocations=96 (full 0):
 garbage-first heap   total 455680K, used 410874K [0x0000000080000000, 0x0000000100000000)
  region size 1024K, 179 young (183296K), 4 survivors (4096K)
 Metaspace       used 227750K, committed 230912K, reserved 1310720K
  class space    used 29390K, committed 30976K, reserved 1048576K
}
Event: 1274.678 GC heap after
{Heap after GC invocations=97 (full 0):
 garbage-first heap   total 455680K, used 240009K [0x0000000080000000, 0x0000000100000000)
  region size 1024K, 13 young (13312K), 13 survivors (13312K)
 Metaspace       used 227750K, committed 230912K, reserved 1310720K
  class space    used 29390K, committed 30976K, reserved 1048576K
}
Event: 1279.073 GC heap before
{Heap before GC invocations=97 (full 0):
 garbage-first heap   total 455680K, used 413065K [0x0000000080000000, 0x0000000100000000)
  region size 1024K, 182 young (186368K), 13 survivors (13312K)
 Metaspace       used 249252K, committed 252480K, reserved 1310720K
  class space    used 31598K, committed 33216K, reserved 1048576K
}
Event: 1279.095 GC heap after
{Heap after GC invocations=98 (full 0):
 garbage-first heap   total 455680K, used 238554K [0x0000000080000000, 0x0000000100000000)
  region size 1024K, 22 young (22528K), 22 survivors (22528K)
 Metaspace       used 249252K, committed 252480K, reserved 1310720K
  class space    used 31598K, committed 33216K, reserved 1048576K
}
Event: 1279.256 GC heap before
{Heap before GC invocations=98 (full 0):
 garbage-first heap   total 455680K, used 252890K [0x0000000080000000, 0x0000000100000000)
  region size 1024K, 37 young (37888K), 22 survivors (22528K)
 Metaspace       used 249288K, committed 252480K, reserved 1310720K
  class space    used 31602K, committed 33216K, reserved 1048576K
}
Event: 1279.281 GC heap after
{Heap after GC invocations=99 (full 0):
 garbage-first heap   total 455680K, used 240053K [0x0000000080000000, 0x0000000100000000)
  region size 1024K, 13 young (13312K), 13 survivors (13312K)
 Metaspace       used 249288K, committed 252480K, reserved 1310720K
  class space    used 31602K, committed 33216K, reserved 1048576K
}
Event: 1281.381 GC heap before
{Heap before GC invocations=100 (full 0):
 garbage-first heap   total 455680K, used 406965K [0x0000000080000000, 0x0000000100000000)
  region size 1024K, 173 young (177152K), 13 survivors (13312K)
 Metaspace       used 250764K, committed 254016K, reserved 1310720K
  class space    used 31732K, committed 33344K, reserved 1048576K
}
Event: 1281.406 GC heap after
{Heap after GC invocations=101 (full 0):
 garbage-first heap   total 455680K, used 255603K [0x0000000080000000, 0x0000000100000000)
  region size 1024K, 22 young (22528K), 22 survivors (22528K)
 Metaspace       used 250764K, committed 254016K, reserved 1310720K
  class space    used 31732K, committed 33344K, reserved 1048576K
}
Event: 1284.000 GC heap before
{Heap before GC invocations=101 (full 0):
 garbage-first heap   total 455680K, used 410227K [0x0000000080000000, 0x0000000100000000)
  region size 1024K, 169 young (173056K), 22 survivors (22528K)
 Metaspace       used 263772K, committed 267008K, reserved 1310720K
  class space    used 33279K, committed 34880K, reserved 1048576K
}
Event: 1284.030 GC heap after
{Heap after GC invocations=102 (full 0):
 garbage-first heap   total 455680K, used 261104K [0x0000000080000000, 0x0000000100000000)
  region size 1024K, 10 young (10240K), 10 survivors (10240K)
 Metaspace       used 263772K, committed 267008K, reserved 1310720K
  class space    used 33279K, committed 34880K, reserved 1048576K
}
Event: 1284.504 GC heap before
{Heap before GC invocations=102 (full 0):
 garbage-first heap   total 455680K, used 290800K [0x0000000080000000, 0x0000000100000000)
  region size 1024K, 41 young (41984K), 10 survivors (10240K)
 Metaspace       used 265709K, committed 268992K, reserved 1310720K
  class space    used 33570K, committed 35200K, reserved 1048576K
}
Event: 1284.510 GC heap after
{Heap after GC invocations=103 (full 0):
 garbage-first heap   total 455680K, used 261913K [0x0000000080000000, 0x0000000100000000)
  region size 1024K, 11 young (11264K), 11 survivors (11264K)
 Metaspace       used 265709K, committed 268992K, reserved 1310720K
  class space    used 33570K, committed 35200K, reserved 1048576K
}
Event: 1286.564 GC heap before
{Heap before GC invocations=104 (full 0):
 garbage-first heap   total 455680K, used 418585K [0x0000000080000000, 0x0000000100000000)
  region size 1024K, 162 young (165888K), 11 survivors (11264K)
 Metaspace       used 267012K, committed 270272K, reserved 1310720K
  class space    used 33678K, committed 35328K, reserved 1048576K
}
Event: 1286.581 GC heap after
{Heap after GC invocations=105 (full 0):
 garbage-first heap   total 455680K, used 271360K [0x0000000080000000, 0x0000000100000000)
  region size 1024K, 20 young (20480K), 20 survivors (20480K)
 Metaspace       used 267012K, committed 270272K, reserved 1310720K
  class space    used 33678K, committed 35328K, reserved 1048576K
}

